2021-03-10 @ 20:43:27 | Menu Option 9 selected
2021-03-10 @ 21:08:31 | Menu Option 4 selected
2021-03-10 @ 21:08:37 | Menu Option 6 selected
2021-03-10 @ 21:08:58 | Menu Option 9 selected
2021-03-29 @ 08:40:31 | Menu Option 4 selected
2021-03-30 @ 18:19:57 | Menu Option 5 selected
2021-03-30 @ 18:21:41 | Menu Option 9 selected
2021-03-30 @ 18:35:12 | Menu Option 5 selected
2021-03-30 @ 18:35:38 | Menu Option 5 selected
2021-03-30 @ 18:36:17 | Menu Option 5 selected
2021-03-30 @ 18:36:35 | Menu Option 9 selected
2021-03-30 @ 18:44:43 | Menu Option 5 selected
2021-03-30 @ 18:44:56 | Menu Option 9 selected
2021-03-31 @ 22:01:38 | Menu Option 8 selected
2021-04-05 @ 22:13:29 | Menu Option 7 selected
2021-04-05 @ 22:13:48 | Menu Option 8 selected
2021-04-05 @ 22:14:08 | Menu Option 0 selected
2021-04-05 @ 23:04:23 | Menu Option 6 selected
2021-04-05 @ 23:06:19 | Menu Option 0 selected
2021-04-06 @ 03:35:49 | Menu Option 7 selected
2021-04-06 @ 04:17:19 | Menu Option 7 selected
2021-04-06 @ 04:17:51 | Menu Option 8 selected
2021-04-06 @ 04:18:02 | Menu Option 6 selected
2021-04-06 @ 04:18:19 | Menu Option 7 selected
2021-04-06 @ 04:31:24 | Menu Option 7 selected
2021-04-06 @ 04:33:34 | Menu Option 7 selected
2021-04-06 @ 04:34:38 | Menu Option 9 selected
2021-04-06 @ 22:02:21 | Menu Option 90 selected
2021-04-06 @ 22:02:58 | Menu Option 90 selected
2021-04-06 @ 22:03:05 | Menu Option 87 selected
2021-04-06 @ 22:03:13 | Menu Option 1000 selected
2021-04-06 @ 22:03:38 | Menu Option 1000 selected
2021-04-06 @ 22:03:40 | Menu Option 1000 selected
2021-04-06 @ 22:03:44 | Menu Option 1000 selected
2021-04-06 @ 22:03:46 | Menu Option 1000 selected
2021-04-06 @ 22:03:48 | Menu Option 1000 selected
2021-04-06 @ 22:03:50 | Menu Option 1000 selected
2021-04-06 @ 22:03:52 | Menu Option 1000 selected
2021-04-06 @ 22:03:54 | Menu Option 1000 selected
2021-04-06 @ 22:03:56 | Menu Option 1000 selected
2021-04-06 @ 22:03:58 | Menu Option 1000 selected
2021-04-06 @ 22:04:00 | Menu Option 1000 selected
2021-04-06 @ 22:04:02 | Menu Option 1000 selected
2021-04-06 @ 22:04:04 | Menu Option 1000 selected
2021-04-06 @ 22:04:06 | Menu Option 1000 selected
2021-04-06 @ 22:04:09 | Menu Option 1000 selected
2021-04-06 @ 22:04:11 | Menu Option 1000 selected
2021-04-06 @ 22:09:35 | Menu Option 7 selected
2021-04-06 @ 22:09:54 | Menu Option -1697946544 selected
2021-04-06 @ 22:10:00 | Menu Option 4215168 selected
2021-04-06 @ 22:10:02 | Menu Option 4215168 selected
2021-04-06 @ 22:10:04 | Menu Option 4215168 selected
2021-04-06 @ 22:10:06 | Menu Option 4215168 selected
2021-04-06 @ 22:10:09 | Menu Option 4215168 selected
2021-04-06 @ 22:10:11 | Menu Option 4215168 selected
2021-04-06 @ 22:10:14 | Menu Option 4215168 selected
2021-04-06 @ 22:10:16 | Menu Option 4215168 selected
2021-04-06 @ 22:10:18 | Menu Option 4215168 selected
2021-04-06 @ 22:10:20 | Menu Option 4215168 selected
2021-04-06 @ 22:10:22 | Menu Option 4215168 selected
2021-04-06 @ 22:10:24 | Menu Option 4215168 selected
2021-04-06 @ 22:21:17 | Menu Option 0 selected
2021-04-06 @ 22:21:24 | Menu Option 1000 selected
2021-04-06 @ 22:21:27 | Menu Option 1000 selected
2021-04-06 @ 22:21:29 | Menu Option 1000 selected
2021-04-06 @ 22:21:31 | Menu Option 1000 selected
2021-04-06 @ 22:21:33 | Menu Option 1000 selected
2021-04-06 @ 22:21:35 | Menu Option 1000 selected
2021-04-06 @ 22:21:37 | Menu Option 1000 selected
2021-04-06 @ 22:21:39 | Menu Option 1000 selected
2021-04-06 @ 22:21:41 | Menu Option 1000 selected
2021-04-06 @ 22:21:44 | Menu Option 1000 selected
2021-04-06 @ 22:21:46 | Menu Option 1000 selected
2021-04-06 @ 22:21:48 | Menu Option 1000 selected
2021-04-06 @ 22:21:51 | Menu Option 1000 selected
2021-04-06 @ 22:21:53 | Menu Option 1000 selected
2021-04-06 @ 22:21:55 | Menu Option 1000 selected
2021-04-06 @ 22:21:57 | Menu Option 1000 selected
2021-04-06 @ 22:21:59 | Menu Option 1000 selected
2021-04-06 @ 22:22:01 | Menu Option 1000 selected
2021-04-06 @ 22:22:03 | Menu Option 1000 selected
2021-04-06 @ 22:22:06 | Menu Option 1000 selected
2021-04-06 @ 22:22:08 | Menu Option 1000 selected
2021-04-06 @ 22:22:10 | Menu Option 1000 selected
2021-04-06 @ 22:22:12 | Menu Option 1000 selected
2021-04-06 @ 22:22:15 | Menu Option 1000 selected
2021-04-06 @ 22:22:18 | Menu Option 1000 selected
2021-04-06 @ 22:22:20 | Menu Option 1000 selected
2021-04-06 @ 22:22:23 | Menu Option 1000 selected
2021-04-06 @ 22:23:29 | Menu Option 0 selected
2021-04-06 @ 22:24:58 | Menu Option 90 selected
2021-04-06 @ 22:25:37 | Menu Option 90 selected
2021-04-06 @ 22:25:43 | Menu Option 1000 selected
2021-04-06 @ 22:25:49 | Menu Option 1000 selected
2021-04-06 @ 22:25:51 | Menu Option 1000 selected
2021-04-06 @ 22:25:53 | Menu Option 1000 selected
2021-04-06 @ 22:25:55 | Menu Option 1000 selected
2021-04-06 @ 22:25:57 | Menu Option 1000 selected
2021-04-06 @ 22:25:59 | Menu Option 1000 selected
2021-04-06 @ 22:26:01 | Menu Option 1000 selected
2021-04-06 @ 22:26:03 | Menu Option 1000 selected
2021-04-06 @ 22:26:27 | Menu Option 0 selected
2021-04-06 @ 22:26:33 | Menu Option 1000 selected
2021-04-06 @ 22:26:35 | Menu Option 1000 selected
2021-04-06 @ 22:26:37 | Menu Option 1000 selected
2021-04-06 @ 22:26:39 | Menu Option 1000 selected
2021-04-06 @ 22:26:41 | Menu Option 1000 selected
2021-04-06 @ 22:26:43 | Menu Option 1000 selected
2021-04-06 @ 22:26:45 | Menu Option 1000 selected
2021-04-06 @ 22:26:47 | Menu Option 1000 selected
2021-04-06 @ 22:27:04 | Menu Option 0 selected
2021-04-06 @ 22:28:06 | Menu Option 0 selected
2021-04-06 @ 22:28:18 | Menu Option 1000 selected
2021-04-06 @ 22:28:21 | Menu Option 1000 selected
2021-04-06 @ 22:28:23 | Menu Option 1000 selected
2021-04-06 @ 22:28:25 | Menu Option 1000 selected
2021-04-06 @ 22:28:27 | Menu Option 1000 selected
2021-04-06 @ 22:28:30 | Menu Option 1000 selected
2021-04-06 @ 22:28:32 | Menu Option 1000 selected
2021-04-06 @ 22:28:34 | Menu Option 1000 selected
2021-04-06 @ 22:28:36 | Menu Option 1000 selected
2021-04-06 @ 22:28:38 | Menu Option 1000 selected
2021-04-06 @ 22:28:57 | Menu Option 6 selected
2021-04-06 @ 22:32:34 | Menu Option 90 selected
2021-04-06 @ 22:32:40 | Menu Option 78 selected
2021-04-06 @ 22:32:47 | Menu Option 1000 selected
2021-04-06 @ 22:33:02 | Menu Option 1000 selected
2021-04-06 @ 22:33:04 | Menu Option 1000 selected
2021-04-06 @ 22:33:06 | Menu Option 1000 selected
2021-04-06 @ 22:50:37 | Menu Option 90 selected
2021-04-06 @ 22:50:45 | Menu Option io selected
2021-04-06 @ 22:51:09 | Menu Option u selected
2021-04-06 @ 22:51:14 | Menu Option j selected
2021-04-06 @ 22:51:20 | Menu Option 0 selected
2021-04-06 @ 22:53:30 | Menu Option op selected
2021-04-06 @ 22:54:08 | Menu Option 90 selected
2021-04-06 @ 22:54:14 | Menu Option 78 selected
2021-04-16 @ 03:27:00 | Menu Option 0 selected
2021-04-16 @ 03:27:21 | Menu Option 1 selected
2021-04-16 @ 03:27:38 | Menu Option 9 selected
